[2025-06-30 09:48:15] local.ERROR: Undefined variable $mahasiswas (View: C:\Users\zakis\OneDrive\Documents\Praktikum Pemrograman web\larevel\crud-mahasiswa\resources\views\mahasiswa\create.blade.php) {"exception":"[object] (Illuminate\\View\\ViewException(code: 0): Undefined variable $mahasiswas (View: C:\\Users\\zakis\\OneDrive\\Documents\\Praktikum Pemrograman web\\larevel\\crud-mahasiswa\\resources\\views\\mahasiswa\\create.blade.php) at C:\\Users\\zakis\\OneDrive\\Documents\\Praktikum Pemrograman web\\larevel\\crud-mahasiswa\\storage\\framework\\views\\65de8f13baf8e0158f6ad376f1c214f9.php:28)
[stacktrace]
#0 C:\\Users\\zakis\\OneDrive\\Documents\\Praktikum Pemrograman web\\larevel\\crud-mahasiswa\\vendor\\laravel\\framework\\src\\Illuminate\\View\\Engines\\PhpEngine.php(59): Illuminate\\View\\Engines\\CompilerEngine->handleViewException(Object(ErrorException), 1)
#1 C:\\Users\\zakis\\OneDrive\\Documents\\Praktikum Pemrograman web\\larevel\\crud-mahasiswa\\vendor\\laravel\\framework\\src\\Illuminate\\View\\Engines\\CompilerEngine.php(74): Illuminate\\View\\Engines\\PhpEngine->evaluatePath('C:\\\\Users\\\\zakis\\\\...', Array)
#2 C:\\Users\\zakis\\OneDrive\\Documents\\Praktikum Pemrograman web\\larevel\\crud-mahasiswa\\vendor\\laravel\\framework\\src\\Illuminate\\View\\View.php(208): Illuminate\\View\\Engines\\CompilerEngine->get('C:\\\\Users\\\\zakis\\\\...', Array)
#3 C:\\Users\\zakis\\OneDrive\\Documents\\Praktikum Pemrograman web\\larevel\\crud-mahasiswa\\vendor\\laravel\\framework\\src\\Illuminate\\View\\View.php(191): Illuminate\\View\\View->getContents()
#4 C:\\Users\\zakis\\OneDrive\\Documents\\Praktikum Pemrograman web\\larevel\\crud-mahasiswa\\vendor\\laravel\\framework\\src\\Illuminate\\View\\View.php(160): Illuminate\\View\\View->renderContents()
#5 C:\\Users\\zakis\\OneDrive\\Documents\\Praktikum Pemrograman web\\larevel\\crud-mahasiswa\\vendor\\laravel\\framework\\src\\Illuminate\\Http\\Response.php(78): Illuminate\\View\\View->render()
#6 C:\\Users\\zakis\\OneDrive\\Documents\\Praktikum Pemrograman web\\larevel\\crud-mahasiswa\\vendor\\laravel\\framework\\src\\Illuminate\\Http\\Response.php(34): Illuminate\\Http\\Response->setContent(Object(Illuminate\\View\\View))
#7 C:\\Users\\zakis\\OneDrive\\Documents\\Praktikum Pemrograman web\\larevel\\crud-mahasiswa\\vendor\\laravel\\framework\\src\\Illuminate\\Routing\\Router.php(924): Illuminate\\Http\\Response->__construct(Object(Illuminate\\View\\View), 200, Array)
#8 C:\\Users\\zakis\\OneDrive\\Documents\\Praktikum Pemrograman web\\larevel\\crud-mahasiswa\\vendor\\laravel\\framework\\src\\Illuminate\\Routing\\Router.php(891): Illuminate\\Routing\\Router::toResponse(Object(Illuminate\\Http\\Request), Object(Illuminate\\View\\View))
#9 C:\\Users\\zakis\\OneDrive\\Documents\\Praktikum Pemrograman web\\larevel\\crud-mahasiswa\\vendor\\laravel\\framework\\src\\Illuminate\\Routing\\Router.php(807): Illuminate\\Routing\\Router->prepareResponse(Object(Illuminate\\Http\\Request), Object(Illuminate\\View\\View))
#10 C:\\Users\\zakis\\OneDrive\\Documents\\Praktikum Pemrograman web\\larevel\\crud-mahasiswa\\vendor\\laravel\\framework\\src\\Illuminate\\Pipeline\\Pipeline.php(169): Illuminate\\Routing\\Router->Illuminate\\Routing\\{closure}(Object(Illuminate\\Http\\Request))
#11 C:\\Users\\zakis\\OneDrive\\Documents\\Praktikum Pemrograman web\\larevel\\crud-mahasiswa\\vendor\\laravel\\framework\\src\\Illuminate\\Routing\\Middleware\\SubstituteBindings.php(50): Illuminate\\Pipeline\\Pipeline->Illuminate\\Pipeline\\{closure}(Object(Illuminate\\Http\\Request))
#12 C:\\Users\\zakis\\OneDrive\\Documents\\Praktikum Pemrograman web\\larevel\\crud-mahasiswa\\vendor\\laravel\\framework\\src\\Illuminate\\Pipeline\\Pipeline.php(208): Illuminate\\Routing\\Middleware\\SubstituteBindings->handle(Object(Illuminate\\Http\\Request), Object(Closure))
#13 C:\\Users\\zakis\\OneDrive\\Documents\\Praktikum Pemrograman web\\larevel\\crud-mahasiswa\\vendor\\laravel\\framework\\src\\Illuminate\\Foundation\\Http\\Middleware\\VerifyCsrfToken.php(87): Illuminate\\Pipeline\\Pipeline->Illuminate\\Pipeline\\{closure}(Object(Illuminate\\Http\\Request))
#14 C:\\Users\\zakis\\OneDrive\\Documents\\Praktikum Pemrograman web\\larevel\\crud-mahasiswa\\vendor\\laravel\\framework\\src\\Illuminate\\Pipeline\\Pipeline.php(208): Illuminate\\Foundation\\Http\\Middleware\\VerifyCsrfToken->handle(Object(Illuminate\\Http\\Request), Object(Closure))
#15 C:\\Users\\zakis\\OneDrive\\Documents\\Praktikum Pemrograman web\\larevel\\crud-mahasiswa\\vendor\\laravel\\framework\\src\\Illuminate\\View\\Middleware\\ShareErrorsFromSession.php(48): Illuminate\\Pipeline\\Pipeline->Illuminate\\Pipeline\\{closure}(Object(Illuminate\\Http\\Request))
#16 C:\\Users\\zakis\\OneDrive\\Documents\\Praktikum Pemrograman web\\larevel\\crud-mahasiswa\\vendor\\laravel\\framework\\src\\Illuminate\\Pipeline\\Pipeline.php(208): Illuminate\\View\\Middleware\\ShareErrorsFromSession->handle(Object(Illuminate\\Http\\Request), Object(Closure))
#17 C:\\Users\\zakis\\OneDrive\\Documents\\Praktikum Pemrograman web\\larevel\\crud-mahasiswa\\vendor\\laravel\\framework\\src\\Illuminate\\Session\\Middleware\\StartSession.php(120): Illuminate\\Pipeline\\Pipeline->Illuminate\\Pipeline\\{closure}(Object(Illuminate\\Http\\Request))
#18 C:\\Users\\zakis\\OneDrive\\Documents\\Praktikum Pemrograman web\\larevel\\crud-mahasiswa\\vendor\\laravel\\framework\\src\\Illuminate\\Session\\Middleware\\StartSession.php(63): Illuminate\\Session\\Middleware\\StartSession->handleStatefulRequest(Object(Illuminate\\Http\\Request), Object(Illuminate\\Session\\Store), Object(Closure))
#19 C:\\Users\\zakis\\OneDrive\\Documents\\Praktikum Pemrograman web\\larevel\\crud-mahasiswa\\vendor\\laravel\\framework\\src\\Illuminate\\Pipeline\\Pipeline.php(208): Illuminate\\Session\\Middleware\\StartSession->handle(Object(Illuminate\\Http\\Request), Object(Closure))
#20 C:\\Users\\zakis\\OneDrive\\Documents\\Praktikum Pemrograman web\\larevel\\crud-mahasiswa\\vendor\\laravel\\framework\\src\\Illuminate\\Cookie\\Middleware\\AddQueuedCookiesToResponse.php(36): Illuminate\\Pipeline\\Pipeline->Illuminate\\Pipeline\\{closure}(Object(Illuminate\\Http\\Request))
#21 C:\\Users\\zakis\\OneDrive\\Documents\\Praktikum Pemrograman web\\larevel\\crud-mahasiswa\\vendor\\laravel\\framework\\src\\Illuminate\\Pipeline\\Pipeline.php(208): Illuminate\\Cookie\\Middleware\\AddQueuedCookiesToResponse->handle(Object(Illuminate\\Http\\Request), Object(Closure))
#22 C:\\Users\\zakis\\OneDrive\\Documents\\Praktikum Pemrograman web\\larevel\\crud-mahasiswa\\vendor\\laravel\\framework\\src\\Illuminate\\Cookie\\Middleware\\EncryptCookies.php(74): Illuminate\\Pipeline\\Pipeline->Illuminate\\Pipeline\\{closure}(Object(Illuminate\\Http\\Request))
#23 C:\\Users\\zakis\\OneDrive\\Documents\\Praktikum Pemrograman web\\larevel\\crud-mahasiswa\\vendor\\laravel\\framework\\src\\Illuminate\\Pipeline\\Pipeline.php(208): Illuminate\\Cookie\\Middleware\\EncryptCookies->handle(Object(Illuminate\\Http\\Request), Object(Closure))
#24 C:\\Users\\zakis\\OneDrive\\Documents\\Praktikum Pemrograman web\\larevel\\crud-mahasiswa\\vendor\\laravel\\framework\\src\\Illuminate\\Pipeline\\Pipeline.php(126): Illuminate\\Pipeline\\Pipeline->Illuminate\\Pipeline\\{closure}(Object(Illuminate\\Http\\Request))
#25 C:\\Users\\zakis\\OneDrive\\Documents\\Praktikum Pemrograman web\\larevel\\crud-mahasiswa\\vendor\\laravel\\framework\\src\\Illuminate\\Routing\\Router.php(807): Illuminate\\Pipeline\\Pipeline->then(Object(Closure))
#26 C:\\Users\\zakis\\OneDrive\\Documents\\Praktikum Pemrograman web\\larevel\\crud-mahasiswa\\vendor\\laravel\\framework\\src\\Illuminate\\Routing\\Router.php(786): Illuminate\\Routing\\Router->runRouteWithinStack(Object(Illuminate\\Routing\\Route), Object(Illuminate\\Http\\Request))
#27 C:\\Users\\zakis\\OneDrive\\Documents\\Praktikum Pemrograman web\\larevel\\crud-mahasiswa\\vendor\\laravel\\framework\\src\\Illuminate\\Routing\\Router.php(750): Illuminate\\Routing\\Router->runRoute(Object(Illuminate\\Http\\Request), Object(Illuminate\\Routing\\Route))
#28 C:\\Users\\zakis\\OneDrive\\Documents\\Praktikum Pemrograman web\\larevel\\crud-mahasiswa\\vendor\\laravel\\framework\\src\\Illuminate\\Routing\\Router.php(739): Illuminate\\Routing\\Router->dispatchToRoute(Object(Illuminate\\Http\\Request))
#29 C:\\Users\\zakis\\OneDrive\\Documents\\Praktikum Pemrograman web\\larevel\\crud-mahasiswa\\vendor\\laravel\\framework\\src\\Illuminate\\Foundation\\Http\\Kernel.php(200): Illuminate\\Routing\\Router->dispatch(Object(Illuminate\\Http\\Request))
#30 C:\\Users\\zakis\\OneDrive\\Documents\\Praktikum Pemrograman web\\larevel\\crud-mahasiswa\\vendor\\laravel\\framework\\src\\Illuminate\\Pipeline\\Pipeline.php(169): Illuminate\\Foundation\\Http\\Kernel->Illuminate\\Foundation\\Http\\{closure}(Object(Illuminate\\Http\\Request))
#31 C:\\Users\\zakis\\OneDrive\\Documents\\Praktikum Pemrograman web\\larevel\\crud-mahasiswa\\vendor\\laravel\\framework\\src\\Illuminate\\Foundation\\Http\\Middleware\\TransformsRequest.php(21): Illuminate\\Pipeline\\Pipeline->Illuminate\\Pipeline\\{closure}(Object(Illuminate\\Http\\Request))
#32 C:\\Users\\zakis\\OneDrive\\Documents\\Praktikum Pemrograman web\\larevel\\crud-mahasiswa\\vendor\\laravel\\framework\\src\\Illuminate\\Foundation\\Http\\Middleware\\ConvertEmptyStringsToNull.php(31): Illuminate\\Foundation\\Http\\Middleware\\TransformsRequest->handle(Object(Illuminate\\Http\\Request), Object(Closure))
#33 C:\\Users\\zakis\\OneDrive\\Documents\\Praktikum Pemrograman web\\larevel\\crud-mahasiswa\\vendor\\laravel\\framework\\src\\Illuminate\\Pipeline\\Pipeline.php(208): Illuminate\\Foundation\\Http\\Middleware\\ConvertEmptyStringsToNull->handle(Object(Illuminate\\Http\\Request), Object(Closure))
#34 C:\\Users\\zakis\\OneDrive\\Documents\\Praktikum Pemrograman web\\larevel\\crud-mahasiswa\\vendor\\laravel\\framework\\src\\Illuminate\\Foundation\\Http\\Middleware\\TransformsRequest.php(21): Illuminate\\Pipeline\\Pipeline->Illuminate\\Pipeline\\{closure}(Object(Illuminate\\Http\\Request))
#35 C:\\Users\\zakis\\OneDrive\\Documents\\Praktikum Pemrograman web\\larevel\\crud-mahasiswa\\vendor\\laravel\\framework\\src\\Illuminate\\Foundation\\Http\\Middleware\\TrimStrings.php(51): Illuminate\\Foundation\\Http\\Middleware\\TransformsRequest->handle(Object(Illuminate\\Http\\Request), Object(Closure))
#36 C:\\Users\\zakis\\OneDrive\\Documents\\Praktikum Pemrograman web\\larevel\\crud-mahasiswa\\vendor\\laravel\\framework\\src\\Illuminate\\Pipeline\\Pipeline.php(208): Illuminate\\Foundation\\Http\\Middleware\\TrimStrings->handle(Object(Illuminate\\Http\\Request), Object(Closure))
#37 C:\\Users\\zakis\\OneDrive\\Documents\\Praktikum Pemrograman web\\larevel\\crud-mahasiswa\\vendor\\laravel\\framework\\src\\Illuminate\\Http\\Middleware\\ValidatePostSize.php(27): Illuminate\\Pipeline\\Pipeline->Illuminate\\Pipeline\\{closure}(Object(Illuminate\\Http\\Request))
#38 C:\\Users\\zakis\\OneDrive\\Documents\\Praktikum Pemrograman web\\larevel\\crud-mahasiswa\\vendor\\laravel\\framework\\src\\Illuminate\\Pipeline\\Pipeline.php(208): Illuminate\\Http\\Middleware\\ValidatePostSize->handle(Object(Illuminate\\Http\\Request), Object(Closure))
#39 C:\\Users\\zakis\\OneDrive\\Documents\\Praktikum Pemrograman web\\larevel\\crud-mahasiswa\\vendor\\laravel\\framework\\src\\Illuminate\\Foundation\\Http\\Middleware\\PreventRequestsDuringMaintenance.php(109): Illuminate\\Pipeline\\Pipeline->Illuminate\\Pipeline\\{closure}(Object(Illuminate\\Http\\Request))
#40 C:\\Users\\zakis\\OneDrive\\Documents\\Praktikum Pemrograman web\\larevel\\crud-mahasiswa\\vendor\\laravel\\framework\\src\\Illuminate\\Pipeline\\Pipeline.php(208): Illuminate\\Foundation\\Http\\Middleware\\PreventRequestsDuringMaintenance->handle(Object(Illuminate\\Http\\Request), Object(Closure))
#41 C:\\Users\\zakis\\OneDrive\\Documents\\Praktikum Pemrograman web\\larevel\\crud-mahasiswa\\vendor\\laravel\\framework\\src\\Illuminate\\Http\\Middleware\\HandleCors.php(48): Illuminate\\Pipeline\\Pipeline->Illuminate\\Pipeline\\{closure}(Object(Illuminate\\Http\\Request))
#42 C:\\Users\\zakis\\OneDrive\\Documents\\Praktikum Pemrograman web\\larevel\\crud-mahasiswa\\vendor\\laravel\\framework\\src\\Illuminate\\Pipeline\\Pipeline.php(208): Illuminate\\Http\\Middleware\\HandleCors->handle(Object(Illuminate\\Http\\Request), Object(Closure))
#43 C:\\Users\\zakis\\OneDrive\\Documents\\Praktikum Pemrograman web\\larevel\\crud-mahasiswa\\vendor\\laravel\\framework\\src\\Illuminate\\Http\\Middleware\\TrustProxies.php(58): Illuminate\\Pipeline\\Pipeline->Illuminate\\Pipeline\\{closure}(Object(Illuminate\\Http\\Request))
#44 C:\\Users\\zakis\\OneDrive\\Documents\\Praktikum Pemrograman web\\larevel\\crud-mahasiswa\\vendor\\laravel\\framework\\src\\Illuminate\\Pipeline\\Pipeline.php(208): Illuminate\\Http\\Middleware\\TrustProxies->handle(Object(Illuminate\\Http\\Request), Object(Closure))
#45 C:\\Users\\zakis\\OneDrive\\Documents\\Praktikum Pemrograman web\\larevel\\crud-mahasiswa\\vendor\\laravel\\framework\\src\\Illuminate\\Foundation\\Http\\Middleware\\InvokeDeferredCallbacks.php(22): Illuminate\\Pipeline\\Pipeline->Illuminate\\Pipeline\\{closure}(Object(Illuminate\\Http\\Request))
#46 C:\\Users\\zakis\\OneDrive\\Documents\\Praktikum Pemrograman web\\larevel\\crud-mahasiswa\\vendor\\laravel\\framework\\src\\Illuminate\\Pipeline\\Pipeline.php(208): Illuminate\\Foundation\\Http\\Middleware\\InvokeDeferredCallbacks->handle(Object(Illuminate\\Http\\Request), Object(Closure))
#47 C:\\Users\\zakis\\OneDrive\\Documents\\Praktikum Pemrograman web\\larevel\\crud-mahasiswa\\vendor\\laravel\\framework\\src\\Illuminate\\Http\\Middleware\\ValidatePathEncoding.php(26): Illuminate\\Pipeline\\Pipeline->Illuminate\\Pipeline\\{closure}(Object(Illuminate\\Http\\Request))
#48 C:\\Users\\zakis\\OneDrive\\Documents\\Praktikum Pemrograman web\\larevel\\crud-mahasiswa\\vendor\\laravel\\framework\\src\\Illuminate\\Pipeline\\Pipeline.php(208): Illuminate\\Http\\Middleware\\ValidatePathEncoding->handle(Object(Illuminate\\Http\\Request), Object(Closure))
#49 C:\\Users\\zakis\\OneDrive\\Documents\\Praktikum Pemrograman web\\larevel\\crud-mahasiswa\\vendor\\laravel\\framework\\src\\Illuminate\\Pipeline\\Pipeline.php(126): Illuminate\\Pipeline\\Pipeline->Illuminate\\Pipeline\\{closure}(Object(Illuminate\\Http\\Request))
#50 C:\\Users\\zakis\\OneDrive\\Documents\\Praktikum Pemrograman web\\larevel\\crud-mahasiswa\\vendor\\laravel\\framework\\src\\Illuminate\\Foundation\\Http\\Kernel.php(175): Illuminate\\Pipeline\\Pipeline->then(Object(Closure))
#51 C:\\Users\\zakis\\OneDrive\\Documents\\Praktikum Pemrograman web\\larevel\\crud-mahasiswa\\vendor\\laravel\\framework\\src\\Illuminate\\Foundation\\Http\\Kernel.php(144): Illuminate\\Foundation\\Http\\Kernel->sendRequestThroughRouter(Object(Illuminate\\Http\\Request))
#52 C:\\Users\\zakis\\OneDrive\\Documents\\Praktikum Pemrograman web\\larevel\\crud-mahasiswa\\vendor\\laravel\\framework\\src\\Illuminate\\Foundation\\Application.php(1219): Illuminate\\Foundation\\Http\\Kernel->handle(Object(Illuminate\\Http\\Request))
#53 C:\\Users\\zakis\\OneDrive\\Documents\\Praktikum Pemrograman web\\larevel\\crud-mahasiswa\\public\\index.php(20): Illuminate\\Foundation\\Application->handleRequest(Object(Illuminate\\Http\\Request))
#54 C:\\Users\\zakis\\OneDrive\\Documents\\Praktikum Pemrograman web\\larevel\\crud-mahasiswa\\vendor\\laravel\\framework\\src\\Illuminate\\Foundation\\resources\\server.php(23): require_once('C:\\\\Users\\\\zakis\\\\...')
#55 {main}

[previous exception] [object] (ErrorException(code: 0): Undefined variable $mahasiswas at C:\\Users\\zakis\\OneDrive\\Documents\\Praktikum Pemrograman web\\larevel\\crud-mahasiswa\\storage\\framework\\views\\65de8f13baf8e0158f6ad376f1c214f9.php:28)
[stacktrace]
#0 C:\\Users\\zakis\\OneDrive\\Documents\\Praktikum Pemrograman web\\larevel\\crud-mahasiswa\\vendor\\laravel\\framework\\src\\Illuminate\\Foundation\\Bootstrap\\HandleExceptions.php(256): Illuminate\\Foundation\\Bootstrap\\HandleExceptions->handleError(2, 'Undefined varia...', 'C:\\\\Users\\\\zakis\\\\...', 28)
#1 C:\\Users\\zakis\\OneDrive\\Documents\\Praktikum Pemrograman web\\larevel\\crud-mahasiswa\\storage\\framework\\views\\65de8f13baf8e0158f6ad376f1c214f9.php(28): Illuminate\\Foundation\\Bootstrap\\HandleExceptions->Illuminate\\Foundation\\Bootstrap\\{closure}(2, 'Undefined varia...', 'C:\\\\Users\\\\zakis\\\\...', 28)
#2 C:\\Users\\zakis\\OneDrive\\Documents\\Praktikum Pemrograman web\\larevel\\crud-mahasiswa\\vendor\\laravel\\framework\\src\\Illuminate\\Filesystem\\Filesystem.php(123): require('C:\\\\Users\\\\zakis\\\\...')
#3 C:\\Users\\zakis\\OneDrive\\Documents\\Praktikum Pemrograman web\\larevel\\crud-mahasiswa\\vendor\\laravel\\framework\\src\\Illuminate\\Filesystem\\Filesystem.php(124): Illuminate\\Filesystem\\Filesystem::Illuminate\\Filesystem\\{closure}()
#4 C:\\Users\\zakis\\OneDrive\\Documents\\Praktikum Pemrograman web\\larevel\\crud-mahasiswa\\vendor\\laravel\\framework\\src\\Illuminate\\View\\Engines\\PhpEngine.php(57): Illuminate\\Filesystem\\Filesystem->getRequire('C:\\\\Users\\\\zakis\\\\...', Array)
#5 C:\\Users\\zakis\\OneDrive\\Documents\\Praktikum Pemrograman web\\larevel\\crud-mahasiswa\\vendor\\laravel\\framework\\src\\Illuminate\\View\\Engines\\CompilerEngine.php(74): Illuminate\\View\\Engines\\PhpEngine->evaluatePath('C:\\\\Users\\\\zakis\\\\...', Array)
#6 C:\\Users\\zakis\\OneDrive\\Documents\\Praktikum Pemrograman web\\larevel\\crud-mahasiswa\\vendor\\laravel\\framework\\src\\Illuminate\\View\\View.php(208): Illuminate\\View\\Engines\\CompilerEngine->get('C:\\\\Users\\\\zakis\\\\...', Array)
#7 C:\\Users\\zakis\\OneDrive\\Documents\\Praktikum Pemrograman web\\larevel\\crud-mahasiswa\\vendor\\laravel\\framework\\src\\Illuminate\\View\\View.php(191): Illuminate\\View\\View->getContents()
#8 C:\\Users\\zakis\\OneDrive\\Documents\\Praktikum Pemrograman web\\larevel\\crud-mahasiswa\\vendor\\laravel\\framework\\src\\Illuminate\\View\\View.php(160): Illuminate\\View\\View->renderContents()
#9 C:\\Users\\zakis\\OneDrive\\Documents\\Praktikum Pemrograman web\\larevel\\crud-mahasiswa\\vendor\\laravel\\framework\\src\\Illuminate\\Http\\Response.php(78): Illuminate\\View\\View->render()
#10 C:\\Users\\zakis\\OneDrive\\Documents\\Praktikum Pemrograman web\\larevel\\crud-mahasiswa\\vendor\\laravel\\framework\\src\\Illuminate\\Http\\Response.php(34): Illuminate\\Http\\Response->setContent(Object(Illuminate\\View\\View))
#11 C:\\Users\\zakis\\OneDrive\\Documents\\Praktikum Pemrograman web\\larevel\\crud-mahasiswa\\vendor\\laravel\\framework\\src\\Illuminate\\Routing\\Router.php(924): Illuminate\\Http\\Response->__construct(Object(Illuminate\\View\\View), 200, Array)
#12 C:\\Users\\zakis\\OneDrive\\Documents\\Praktikum Pemrograman web\\larevel\\crud-mahasiswa\\vendor\\laravel\\framework\\src\\Illuminate\\Routing\\Router.php(891): Illuminate\\Routing\\Router::toResponse(Object(Illuminate\\Http\\Request), Object(Illuminate\\View\\View))
#13 C:\\Users\\zakis\\OneDrive\\Documents\\Praktikum Pemrograman web\\larevel\\crud-mahasiswa\\vendor\\laravel\\framework\\src\\Illuminate\\Routing\\Router.php(807): Illuminate\\Routing\\Router->prepareResponse(Object(Illuminate\\Http\\Request), Object(Illuminate\\View\\View))
#14 C:\\Users\\zakis\\OneDrive\\Documents\\Praktikum Pemrograman web\\larevel\\crud-mahasiswa\\vendor\\laravel\\framework\\src\\Illuminate\\Pipeline\\Pipeline.php(169): Illuminate\\Routing\\Router->Illuminate\\Routing\\{closure}(Object(Illuminate\\Http\\Request))
#15 C:\\Users\\zakis\\OneDrive\\Documents\\Praktikum Pemrograman web\\larevel\\crud-mahasiswa\\vendor\\laravel\\framework\\src\\Illuminate\\Routing\\Middleware\\SubstituteBindings.php(50): Illuminate\\Pipeline\\Pipeline->Illuminate\\Pipeline\\{closure}(Object(Illuminate\\Http\\Request))
#16 C:\\Users\\zakis\\OneDrive\\Documents\\Praktikum Pemrograman web\\larevel\\crud-mahasiswa\\vendor\\laravel\\framework\\src\\Illuminate\\Pipeline\\Pipeline.php(208): Illuminate\\Routing\\Middleware\\SubstituteBindings->handle(Object(Illuminate\\Http\\Request), Object(Closure))
#17 C:\\Users\\zakis\\OneDrive\\Documents\\Praktikum Pemrograman web\\larevel\\crud-mahasiswa\\vendor\\laravel\\framework\\src\\Illuminate\\Foundation\\Http\\Middleware\\VerifyCsrfToken.php(87): Illuminate\\Pipeline\\Pipeline->Illuminate\\Pipeline\\{closure}(Object(Illuminate\\Http\\Request))
#18 C:\\Users\\zakis\\OneDrive\\Documents\\Praktikum Pemrograman web\\larevel\\crud-mahasiswa\\vendor\\laravel\\framework\\src\\Illuminate\\Pipeline\\Pipeline.php(208): Illuminate\\Foundation\\Http\\Middleware\\VerifyCsrfToken->handle(Object(Illuminate\\Http\\Request), Object(Closure))
#19 C:\\Users\\zakis\\OneDrive\\Documents\\Praktikum Pemrograman web\\larevel\\crud-mahasiswa\\vendor\\laravel\\framework\\src\\Illuminate\\View\\Middleware\\ShareErrorsFromSession.php(48): Illuminate\\Pipeline\\Pipeline->Illuminate\\Pipeline\\{closure}(Object(Illuminate\\Http\\Request))
#20 C:\\Users\\zakis\\OneDrive\\Documents\\Praktikum Pemrograman web\\larevel\\crud-mahasiswa\\vendor\\laravel\\framework\\src\\Illuminate\\Pipeline\\Pipeline.php(208): Illuminate\\View\\Middleware\\ShareErrorsFromSession->handle(Object(Illuminate\\Http\\Request), Object(Closure))
#21 C:\\Users\\zakis\\OneDrive\\Documents\\Praktikum Pemrograman web\\larevel\\crud-mahasiswa\\vendor\\laravel\\framework\\src\\Illuminate\\Session\\Middleware\\StartSession.php(120): Illuminate\\Pipeline\\Pipeline->Illuminate\\Pipeline\\{closure}(Object(Illuminate\\Http\\Request))
#22 C:\\Users\\zakis\\OneDrive\\Documents\\Praktikum Pemrograman web\\larevel\\crud-mahasiswa\\vendor\\laravel\\framework\\src\\Illuminate\\Session\\Middleware\\StartSession.php(63): Illuminate\\Session\\Middleware\\StartSession->handleStatefulRequest(Object(Illuminate\\Http\\Request), Object(Illuminate\\Session\\Store), Object(Closure))
#23 C:\\Users\\zakis\\OneDrive\\Documents\\Praktikum Pemrograman web\\larevel\\crud-mahasiswa\\vendor\\laravel\\framework\\src\\Illuminate\\Pipeline\\Pipeline.php(208): Illuminate\\Session\\Middleware\\StartSession->handle(Object(Illuminate\\Http\\Request), Object(Closure))
#24 C:\\Users\\zakis\\OneDrive\\Documents\\Praktikum Pemrograman web\\larevel\\crud-mahasiswa\\vendor\\laravel\\framework\\src\\Illuminate\\Cookie\\Middleware\\AddQueuedCookiesToResponse.php(36): Illuminate\\Pipeline\\Pipeline->Illuminate\\Pipeline\\{closure}(Object(Illuminate\\Http\\Request))
#25 C:\\Users\\zakis\\OneDrive\\Documents\\Praktikum Pemrograman web\\larevel\\crud-mahasiswa\\vendor\\laravel\\framework\\src\\Illuminate\\Pipeline\\Pipeline.php(208): Illuminate\\Cookie\\Middleware\\AddQueuedCookiesToResponse->handle(Object(Illuminate\\Http\\Request), Object(Closure))
#26 C:\\Users\\zakis\\OneDrive\\Documents\\Praktikum Pemrograman web\\larevel\\crud-mahasiswa\\vendor\\laravel\\framework\\src\\Illuminate\\Cookie\\Middleware\\EncryptCookies.php(74): Illuminate\\Pipeline\\Pipeline->Illuminate\\Pipeline\\{closure}(Object(Illuminate\\Http\\Request))
#27 C:\\Users\\zakis\\OneDrive\\Documents\\Praktikum Pemrograman web\\larevel\\crud-mahasiswa\\vendor\\laravel\\framework\\src\\Illuminate\\Pipeline\\Pipeline.php(208): Illuminate\\Cookie\\Middleware\\EncryptCookies->handle(Object(Illuminate\\Http\\Request), Object(Closure))
#28 C:\\Users\\zakis\\OneDrive\\Documents\\Praktikum Pemrograman web\\larevel\\crud-mahasiswa\\vendor\\laravel\\framework\\src\\Illuminate\\Pipeline\\Pipeline.php(126): Illuminate\\Pipeline\\Pipeline->Illuminate\\Pipeline\\{closure}(Object(Illuminate\\Http\\Request))
#29 C:\\Users\\zakis\\OneDrive\\Documents\\Praktikum Pemrograman web\\larevel\\crud-mahasiswa\\vendor\\laravel\\framework\\src\\Illuminate\\Routing\\Router.php(807): Illuminate\\Pipeline\\Pipeline->then(Object(Closure))
#30 C:\\Users\\zakis\\OneDrive\\Documents\\Praktikum Pemrograman web\\larevel\\crud-mahasiswa\\vendor\\laravel\\framework\\src\\Illuminate\\Routing\\Router.php(786): Illuminate\\Routing\\Router->runRouteWithinStack(Object(Illuminate\\Routing\\Route), Object(Illuminate\\Http\\Request))
#31 C:\\Users\\zakis\\OneDrive\\Documents\\Praktikum Pemrograman web\\larevel\\crud-mahasiswa\\vendor\\laravel\\framework\\src\\Illuminate\\Routing\\Router.php(750): Illuminate\\Routing\\Router->runRoute(Object(Illuminate\\Http\\Request), Object(Illuminate\\Routing\\Route))
#32 C:\\Users\\zakis\\OneDrive\\Documents\\Praktikum Pemrograman web\\larevel\\crud-mahasiswa\\vendor\\laravel\\framework\\src\\Illuminate\\Routing\\Router.php(739): Illuminate\\Routing\\Router->dispatchToRoute(Object(Illuminate\\Http\\Request))
#33 C:\\Users\\zakis\\OneDrive\\Documents\\Praktikum Pemrograman web\\larevel\\crud-mahasiswa\\vendor\\laravel\\framework\\src\\Illuminate\\Foundation\\Http\\Kernel.php(200): Illuminate\\Routing\\Router->dispatch(Object(Illuminate\\Http\\Request))
#34 C:\\Users\\zakis\\OneDrive\\Documents\\Praktikum Pemrograman web\\larevel\\crud-mahasiswa\\vendor\\laravel\\framework\\src\\Illuminate\\Pipeline\\Pipeline.php(169): Illuminate\\Foundation\\Http\\Kernel->Illuminate\\Foundation\\Http\\{closure}(Object(Illuminate\\Http\\Request))
#35 C:\\Users\\zakis\\OneDrive\\Documents\\Praktikum Pemrograman web\\larevel\\crud-mahasiswa\\vendor\\laravel\\framework\\src\\Illuminate\\Foundation\\Http\\Middleware\\TransformsRequest.php(21): Illuminate\\Pipeline\\Pipeline->Illuminate\\Pipeline\\{closure}(Object(Illuminate\\Http\\Request))
#36 C:\\Users\\zakis\\OneDrive\\Documents\\Praktikum Pemrograman web\\larevel\\crud-mahasiswa\\vendor\\laravel\\framework\\src\\Illuminate\\Foundation\\Http\\Middleware\\ConvertEmptyStringsToNull.php(31): Illuminate\\Foundation\\Http\\Middleware\\TransformsRequest->handle(Object(Illuminate\\Http\\Request), Object(Closure))
#37 C:\\Users\\zakis\\OneDrive\\Documents\\Praktikum Pemrograman web\\larevel\\crud-mahasiswa\\vendor\\laravel\\framework\\src\\Illuminate\\Pipeline\\Pipeline.php(208): Illuminate\\Foundation\\Http\\Middleware\\ConvertEmptyStringsToNull->handle(Object(Illuminate\\Http\\Request), Object(Closure))
#38 C:\\Users\\zakis\\OneDrive\\Documents\\Praktikum Pemrograman web\\larevel\\crud-mahasiswa\\vendor\\laravel\\framework\\src\\Illuminate\\Foundation\\Http\\Middleware\\TransformsRequest.php(21): Illuminate\\Pipeline\\Pipeline->Illuminate\\Pipeline\\{closure}(Object(Illuminate\\Http\\Request))
#39 C:\\Users\\zakis\\OneDrive\\Documents\\Praktikum Pemrograman web\\larevel\\crud-mahasiswa\\vendor\\laravel\\framework\\src\\Illuminate\\Foundation\\Http\\Middleware\\TrimStrings.php(51): Illuminate\\Foundation\\Http\\Middleware\\TransformsRequest->handle(Object(Illuminate\\Http\\Request), Object(Closure))
#40 C:\\Users\\zakis\\OneDrive\\Documents\\Praktikum Pemrograman web\\larevel\\crud-mahasiswa\\vendor\\laravel\\framework\\src\\Illuminate\\Pipeline\\Pipeline.php(208): Illuminate\\Foundation\\Http\\Middleware\\TrimStrings->handle(Object(Illuminate\\Http\\Request), Object(Closure))
#41 C:\\Users\\zakis\\OneDrive\\Documents\\Praktikum Pemrograman web\\larevel\\crud-mahasiswa\\vendor\\laravel\\framework\\src\\Illuminate\\Http\\Middleware\\ValidatePostSize.php(27): Illuminate\\Pipeline\\Pipeline->Illuminate\\Pipeline\\{closure}(Object(Illuminate\\Http\\Request))
#42 C:\\Users\\zakis\\OneDrive\\Documents\\Praktikum Pemrograman web\\larevel\\crud-mahasiswa\\vendor\\laravel\\framework\\src\\Illuminate\\Pipeline\\Pipeline.php(208): Illuminate\\Http\\Middleware\\ValidatePostSize->handle(Object(Illuminate\\Http\\Request), Object(Closure))
#43 C:\\Users\\zakis\\OneDrive\\Documents\\Praktikum Pemrograman web\\larevel\\crud-mahasiswa\\vendor\\laravel\\framework\\src\\Illuminate\\Foundation\\Http\\Middleware\\PreventRequestsDuringMaintenance.php(109): Illuminate\\Pipeline\\Pipeline->Illuminate\\Pipeline\\{closure}(Object(Illuminate\\Http\\Request))
#44 C:\\Users\\zakis\\OneDrive\\Documents\\Praktikum Pemrograman web\\larevel\\crud-mahasiswa\\vendor\\laravel\\framework\\src\\Illuminate\\Pipeline\\Pipeline.php(208): Illuminate\\Foundation\\Http\\Middleware\\PreventRequestsDuringMaintenance->handle(Object(Illuminate\\Http\\Request), Object(Closure))
#45 C:\\Users\\zakis\\OneDrive\\Documents\\Praktikum Pemrograman web\\larevel\\crud-mahasiswa\\vendor\\laravel\\framework\\src\\Illuminate\\Http\\Middleware\\HandleCors.php(48): Illuminate\\Pipeline\\Pipeline->Illuminate\\Pipeline\\{closure}(Object(Illuminate\\Http\\Request))
#46 C:\\Users\\zakis\\OneDrive\\Documents\\Praktikum Pemrograman web\\larevel\\crud-mahasiswa\\vendor\\laravel\\framework\\src\\Illuminate\\Pipeline\\Pipeline.php(208): Illuminate\\Http\\Middleware\\HandleCors->handle(Object(Illuminate\\Http\\Request), Object(Closure))
#47 C:\\Users\\zakis\\OneDrive\\Documents\\Praktikum Pemrograman web\\larevel\\crud-mahasiswa\\vendor\\laravel\\framework\\src\\Illuminate\\Http\\Middleware\\TrustProxies.php(58): Illuminate\\Pipeline\\Pipeline->Illuminate\\Pipeline\\{closure}(Object(Illuminate\\Http\\Request))
#48 C:\\Users\\zakis\\OneDrive\\Documents\\Praktikum Pemrograman web\\larevel\\crud-mahasiswa\\vendor\\laravel\\framework\\src\\Illuminate\\Pipeline\\Pipeline.php(208): Illuminate\\Http\\Middleware\\TrustProxies->handle(Object(Illuminate\\Http\\Request), Object(Closure))
#49 C:\\Users\\zakis\\OneDrive\\Documents\\Praktikum Pemrograman web\\larevel\\crud-mahasiswa\\vendor\\laravel\\framework\\src\\Illuminate\\Foundation\\Http\\Middleware\\InvokeDeferredCallbacks.php(22): Illuminate\\Pipeline\\Pipeline->Illuminate\\Pipeline\\{closure}(Object(Illuminate\\Http\\Request))
#50 C:\\Users\\zakis\\OneDrive\\Documents\\Praktikum Pemrograman web\\larevel\\crud-mahasiswa\\vendor\\laravel\\framework\\src\\Illuminate\\Pipeline\\Pipeline.php(208): Illuminate\\Foundation\\Http\\Middleware\\InvokeDeferredCallbacks->handle(Object(Illuminate\\Http\\Request), Object(Closure))
#51 C:\\Users\\zakis\\OneDrive\\Documents\\Praktikum Pemrograman web\\larevel\\crud-mahasiswa\\vendor\\laravel\\framework\\src\\Illuminate\\Http\\Middleware\\ValidatePathEncoding.php(26): Illuminate\\Pipeline\\Pipeline->Illuminate\\Pipeline\\{closure}(Object(Illuminate\\Http\\Request))
#52 C:\\Users\\zakis\\OneDrive\\Documents\\Praktikum Pemrograman web\\larevel\\crud-mahasiswa\\vendor\\laravel\\framework\\src\\Illuminate\\Pipeline\\Pipeline.php(208): Illuminate\\Http\\Middleware\\ValidatePathEncoding->handle(Object(Illuminate\\Http\\Request), Object(Closure))
#53 C:\\Users\\zakis\\OneDrive\\Documents\\Praktikum Pemrograman web\\larevel\\crud-mahasiswa\\vendor\\laravel\\framework\\src\\Illuminate\\Pipeline\\Pipeline.php(126): Illuminate\\Pipeline\\Pipeline->Illuminate\\Pipeline\\{closure}(Object(Illuminate\\Http\\Request))
#54 C:\\Users\\zakis\\OneDrive\\Documents\\Praktikum Pemrograman web\\larevel\\crud-mahasiswa\\vendor\\laravel\\framework\\src\\Illuminate\\Foundation\\Http\\Kernel.php(175): Illuminate\\Pipeline\\Pipeline->then(Object(Closure))
#55 C:\\Users\\zakis\\OneDrive\\Documents\\Praktikum Pemrograman web\\larevel\\crud-mahasiswa\\vendor\\laravel\\framework\\src\\Illuminate\\Foundation\\Http\\Kernel.php(144): Illuminate\\Foundation\\Http\\Kernel->sendRequestThroughRouter(Object(Illuminate\\Http\\Request))
#56 C:\\Users\\zakis\\OneDrive\\Documents\\Praktikum Pemrograman web\\larevel\\crud-mahasiswa\\vendor\\laravel\\framework\\src\\Illuminate\\Foundation\\Application.php(1219): Illuminate\\Foundation\\Http\\Kernel->handle(Object(Illuminate\\Http\\Request))
#57 C:\\Users\\zakis\\OneDrive\\Documents\\Praktikum Pemrograman web\\larevel\\crud-mahasiswa\\public\\index.php(20): Illuminate\\Foundation\\Application->handleRequest(Object(Illuminate\\Http\\Request))
#58 C:\\Users\\zakis\\OneDrive\\Documents\\Praktikum Pemrograman web\\larevel\\crud-mahasiswa\\vendor\\laravel\\framework\\src\\Illuminate\\Foundation\\resources\\server.php(23): require_once('C:\\\\Users\\\\zakis\\\\...')
#59 {main}
"} 
